<?xml version="1.0" encoding="UTF-8"?>
<testsuite name="ec.edu.espol.CalServiceTest" tests="1" skipped="0" failures="0" errors="0" timestamp="2016-01-08T14:37:38" hostname="wrks129-138fiec" time="0.28">
  <properties/>
  <testcase name="testAddTwoNumbers" classname="ec.edu.espol.CalServiceTest" time="0.28"/>
  <system-out><![CDATA[]]></system-out>
  <system-err><![CDATA[]]></system-err>
</testsuite>
